2023-06-27T18:20:27.486Z TRACE [chrom_mini_graph] Preprocess time: 0.00002162
2023-06-27T18:20:27.486Z TRACE [chrom_mini_graph] ---------------Read: test_sim---------------
2023-06-27T18:20:27.486Z TRACE [chrom_mini_graph] Seeding time: 0.00033687
2023-06-27T18:20:27.487Z TRACE [chrom_mini_graph::chain] Num forward/back anchors 0,0, Query length 585
2023-06-27T18:20:27.489Z TRACE [chrom_mini_graph] Chaining time: 0.00152607
2023-06-27T18:20:27.490Z TRACE [chrom_mini_graph::chain] No anchors found
2023-06-27T18:20:27.492Z TRACE [chrom_mini_graph] Path collection time: 0.001329451
2023-06-27T18:20:27.492Z TRACE [chrom_mini_graph::chain] No anchors found
2023-06-27T18:20:27.492Z TRACE [chrom_mini_graph] Path collection time: 0.000006931
2023-06-27T18:20:27.492Z TRACE [chrom_mini_graph] Total align time 0.00000012
2023-06-27T18:20:27.492Z TRACE [chrom_mini_graph] Total time mapping read test_sim is 0.006238022
2023-06-27T18:20:27.492Z TRACE [chrom_mini_graph] Preprocess time: 0.0000037
2023-06-27T18:20:27.493Z TRACE [chrom_mini_graph] ---------------Read: test_sim_inserted_portion---------------
2023-06-27T18:20:27.493Z TRACE [chrom_mini_graph] Seeding time: 0.00007076
2023-06-27T18:20:27.495Z TRACE [chrom_mini_graph::chain] Num forward/back anchors 0,0, Query length 392
2023-06-27T18:20:27.496Z TRACE [chrom_mini_graph] Chaining time: 0.00148589
2023-06-27T18:20:27.496Z TRACE [chrom_mini_graph::chain] No anchors found
2023-06-27T18:20:27.498Z TRACE [chrom_mini_graph] Path collection time: 0.001519851
2023-06-27T18:20:27.498Z TRACE [chrom_mini_graph::chain] No anchors found
2023-06-27T18:20:27.498Z TRACE [chrom_mini_graph] Path collection time: 0.00000424
2023-06-27T18:20:27.498Z TRACE [chrom_mini_graph] Total align time 0.00000004
2023-06-27T18:20:27.498Z TRACE [chrom_mini_graph] Total time mapping read test_sim_inserted_portion is 0.006029903
2023-06-27T18:20:27.498Z TRACE [chrom_mini_graph] Preprocess time: 0.00000396
2023-06-27T18:20:27.499Z TRACE [chrom_mini_graph] ---------------Read: test_sim_inserted_portion_with_flanking---------------
2023-06-27T18:20:27.499Z TRACE [chrom_mini_graph] Seeding time: 0.00021671
2023-06-27T18:20:27.501Z TRACE [chrom_mini_graph::chain] Num forward/back anchors 0,0, Query length 451
2023-06-27T18:20:27.502Z TRACE [chrom_mini_graph] Chaining time: 0.00132995
2023-06-27T18:20:27.502Z TRACE [chrom_mini_graph::chain] No anchors found
2023-06-27T18:20:27.503Z TRACE [chrom_mini_graph] Path collection time: 0.00117962
2023-06-27T18:20:27.503Z TRACE [chrom_mini_graph::chain] No anchors found
2023-06-27T18:20:27.503Z TRACE [chrom_mini_graph] Path collection time: 0.000003891
2023-06-27T18:20:27.503Z TRACE [chrom_mini_graph] Total align time 0.00000004
2023-06-27T18:20:27.503Z TRACE [chrom_mini_graph] Total time mapping read test_sim_inserted_portion_with_flanking is 0.005360191
2023-06-27T18:20:27.503Z TRACE [chrom_mini_graph] Alignment took 0.017830886 seconds
